This is pdfTeX, Version 3.14159265-2.6-1.40.16 (MiKTeX 2.9) (preloaded format=pdflatex 2016.3.8)  27 JUL 2016 10:57
entering extended mode
**./rsc_art.tex
(rsc_art.tex
LaTeX2e <2015/10/01> patch level 2
Babel <3.9n> and hyphenation patterns for 69 languages loaded.
(F:\PortableApps\miktex\tex\latex\base\article.cls
Document Class: article 2014/09/29 v1.4h Standard LaTeX document class
(F:\PortableApps\miktex\tex\latex\base\size10.clo
File: size10.clo 2014/09/29 v1.4h Standard LaTeX file (size option)
)
\c@part=\count79
\c@section=\count80
\c@subsection=\count81
\c@subsubsection=\count82
\c@paragraph=\count83
\c@subparagraph=\count84
\c@figure=\count85
\c@table=\count86
\abovecaptionskip=\skip41
\belowcaptionskip=\skip42
\bibindent=\dimen102
)
(F:\PortableApps\miktex\tex\latex\extsizes\extsizes.sty
Package: extsizes 1996/10/08 v1.0 Non Standard LaTeX Package


Package ExtSizes Warning: It is better to use one of the extsizes classes,
 if you can.

(F:\PortableApps\miktex\tex\latex\extsizes\size9.clo
File: size9.clo 1999/11/11 v1.4a NON-Standard LaTeX file (size option)
))
(F:\PortableApps\miktex\tex\latex\natbib\natbib.sty
Package: natbib 2010/09/13 8.31b (PWD, AO)
\bibhang=\skip43
\bibsep=\skip44
LaTeX Info: Redefining \cite on input line 694.
\c@NAT@ctr=\count87
)
(F:\PortableApps\miktex\tex\latex\mhchem\mhchem.sty
Package: mhchem 2016/02/07 v4.04 for typesetting chemical formulae

(F:\PortableApps\miktex\tex\latex\l3kernel\expl3.sty
Package: expl3 2016/05/18 v6512 L3 programming layer (loader) 

(F:\PortableApps\miktex\tex\latex\l3kernel\expl3-code.tex
Package: expl3 2016/05/18 v6512 L3 programming layer (code)
L3 Module: l3bootstrap 2016/02/12 v6412 L3 Bootstrap code
L3 Module: l3names 2016/03/11 v6433 L3 Namespace for primitives
L3 Module: l3basics 2015/11/22 v6315 L3 Basic definitions
L3 Module: l3expan 2015/09/10 v5983 L3 Argument expansion
L3 Module: l3tl 2016/03/26 v6465 L3 Token lists
L3 Module: l3str 2016/03/24 v6441 L3 Strings
L3 Module: l3seq 2015/08/05 v5777 L3 Sequences and stacks
L3 Module: l3int 2016/03/24 v6441 L3 Integers
\c_max_int=\count88
\l_tmpa_int=\count89
\l_tmpb_int=\count90
\g_tmpa_int=\count91
\g_tmpb_int=\count92
L3 Module: l3quark 2015/08/17 v5855 L3 Quarks
L3 Module: l3prg 2015/11/01 v6216 L3 Control structures
\g__prg_map_int=\count93
L3 Module: l3clist 2015/09/02 v5901 L3 Comma separated lists
L3 Module: l3token 2016/04/03 v6470 L3 Experimental token manipulation
L3 Module: l3prop 2016/01/05 v6366 L3 Property lists
L3 Module: l3msg 2016/03/26 v6464 L3 Messages
L3 Module: l3file 2016/03/25 v6458 L3 File and I/O operations
\l_iow_line_count_int=\count94
\l__iow_target_count_int=\count95
\l__iow_current_line_int=\count96
\l__iow_current_word_int=\count97
\l__iow_current_indentation_int=\count98
L3 Module: l3skip 2016/01/05 v6366 L3 Dimensions and skips
\c_zero_dim=\dimen103
\c_max_dim=\dimen104
\l_tmpa_dim=\dimen105
\l_tmpb_dim=\dimen106
\g_tmpa_dim=\dimen107
\g_tmpb_dim=\dimen108
\c_zero_skip=\skip45
\c_max_skip=\skip46
\l_tmpa_skip=\skip47
\l_tmpb_skip=\skip48
\g_tmpa_skip=\skip49
\g_tmpb_skip=\skip50
\c_zero_muskip=\muskip10
\c_max_muskip=\muskip11
\l_tmpa_muskip=\muskip12
\l_tmpb_muskip=\muskip13
\g_tmpa_muskip=\muskip14
\g_tmpb_muskip=\muskip15
L3 Module: l3keys 2015/11/17 v6284 L3 Key-value interfaces
\g__keyval_level_int=\count99
\l_keys_choice_int=\count100
L3 Module: l3fp 2016/03/26 v6465 L3 Floating points
\c__fp_leading_shift_int=\count101
\c__fp_middle_shift_int=\count102
\c__fp_trailing_shift_int=\count103
\c__fp_big_leading_shift_int=\count104
\c__fp_big_middle_shift_int=\count105
\c__fp_big_trailing_shift_int=\count106
\c__fp_Bigg_leading_shift_int=\count107
\c__fp_Bigg_middle_shift_int=\count108
\c__fp_Bigg_trailing_shift_int=\count109
L3 Module: l3box 2015/08/09 v5822 L3 Experimental boxes
\c_empty_box=\box26
\l_tmpa_box=\box27
\l_tmpb_box=\box28
\g_tmpa_box=\box29
\g_tmpb_box=\box30
L3 Module: l3coffins 2016/05/17 v6508 L3 Coffin code layer
\l__coffin_internal_box=\box31
\l__coffin_internal_dim=\dimen109
\l__coffin_offset_x_dim=\dimen110
\l__coffin_offset_y_dim=\dimen111
\l__coffin_x_dim=\dimen112
\l__coffin_y_dim=\dimen113
\l__coffin_x_prime_dim=\dimen114
\l__coffin_y_prime_dim=\dimen115
\c_empty_coffin=\box32
\l__coffin_aligned_coffin=\box33
\l__coffin_aligned_internal_coffin=\box34
\l_tmpa_coffin=\box35
\l_tmpb_coffin=\box36
\l__coffin_display_coffin=\box37
\l__coffin_display_coord_coffin=\box38
\l__coffin_display_pole_coffin=\box39
\l__coffin_display_offset_dim=\dimen116
\l__coffin_display_x_dim=\dimen117
\l__coffin_display_y_dim=\dimen118
L3 Module: l3color 2014/08/23 v5354 L3 Experimental color support
L3 Module: l3sys 2015/09/25 v6087 L3 Experimental system/runtime functions
L3 Module: l3candidates 2016/05/13 v6484 L3 Experimental additions to l3kernel
\l__box_top_dim=\dimen119
\l__box_bottom_dim=\dimen120
\l__box_left_dim=\dimen121
\l__box_right_dim=\dimen122
\l__box_top_new_dim=\dimen123
\l__box_bottom_new_dim=\dimen124
\l__box_left_new_dim=\dimen125
\l__box_right_new_dim=\dimen126
\l__box_internal_box=\box40
\l__coffin_bounding_shift_dim=\dimen127
\l__coffin_left_corner_dim=\dimen128
\l__coffin_right_corner_dim=\dimen129
\l__coffin_bottom_corner_dim=\dimen130
\l__coffin_top_corner_dim=\dimen131
\l__coffin_scaled_total_height_dim=\dimen132
\l__coffin_scaled_width_dim=\dimen133
L3 Module: l3luatex 2016/03/26 v6465 L3 Experimental LuaTeX-specific functions
)
(F:\PortableApps\miktex\tex\latex\l3kernel\l3pdfmode.def
File: l3pdfmode.def 2016/03/26 v6465 L3 Experimental driver: PDF mode
\l__driver_color_stack_int=\count110
\l__driver_tmp_box=\box41
))
(F:\PortableApps\miktex\tex\latex\l3packages\l3keys2e\l3keys2e.sty
Package: l3keys2e 2016/05/18 v6512 LaTeX2e option processing using LaTeX3 keys
)
(F:\PortableApps\miktex\tex\latex\l3experimental\l3str\l3regex.sty
Package: l3regex 2016/05/14 v6492 L3 Experimental regular expressions

(F:\PortableApps\miktex\tex\latex\l3experimental\l3str\l3tl-build.sty
Package: l3tl-build 2016/05/14 v6492 L3 Experimental token list construction
\l__tl_build_start_index_int=\count111
\l__tl_build_index_int=\count112
)
(F:\PortableApps\miktex\tex\latex\l3experimental\l3str\l3tl-analysis.sty
Package: l3tl-analysis 2016/03/24 v6443 L3 Experimental token lists analysis
\l__tl_analysis_normal_int=\count113
\l__tl_analysis_index_int=\count114
\l__tl_analysis_nesting_int=\count115
\l__tl_analysis_type_int=\count116
)
(F:\PortableApps\miktex\tex\latex\l3experimental\l3str\l3flag.sty
Package: l3flag 2016/05/14 v6492 L3 Experimental flags
)
(F:\PortableApps\miktex\tex\latex\l3experimental\l3str\l3str-convert.sty
Package: l3str-convert 2016/03/24 v6443 L3 Experimental string encoding convers
ions
\l__str_internal_int=\count117
\c__str_replacement_char_int=\count118
)
\l__regex_internal_a_int=\count119
\l__regex_internal_b_int=\count120
\l__regex_internal_c_int=\count121
\l__regex_balance_int=\count122
\l__regex_group_level_int=\count123
\l__regex_mode_int=\count124
\l__regex_catcodes_int=\count125
\l__regex_default_catcodes_int=\count126
\c__regex_catcode_D_int=\count127
\c__regex_catcode_S_int=\count128
\c__regex_catcode_L_int=\count129
\c__regex_catcode_O_int=\count130
\c__regex_catcode_A_int=\count131
\c__regex_all_catcodes_int=\count132
\l__regex_show_lines_int=\count133
\l__regex_min_state_int=\count134
\l__regex_max_state_int=\count135
\l__regex_left_state_int=\count136
\l__regex_right_state_int=\count137
\l__regex_capturing_group_int=\count138
\l__regex_min_pos_int=\count139
\l__regex_max_pos_int=\count140
\l__regex_current_pos_int=\count141
\l__regex_start_pos_int=\count142
\l__regex_success_pos_int=\count143
\l__regex_current_char_int=\count144
\l__regex_current_catcode_int=\count145
\l__regex_last_char_int=\count146
\l__regex_case_changed_char_int=\count147
\l__regex_current_state_int=\count148
\l__regex_step_int=\count149
\l__regex_min_active_int=\count150
\l__regex_max_active_int=\count151
\l__regex_replacement_csnames_int=\count152
\l__regex_match_count_int=\count153
\l__regex_submatch_int=\count154
\l__regex_zeroth_submatch_int=\count155
)
(F:\PortableApps\miktex\tex\latex\tools\calc.sty
Package: calc 2014/10/28 v4.3 Infix arithmetic (KKT,FJ)
\calc@Acount=\count156
\calc@Bcount=\count157
\calc@Adimen=\dimen134
\calc@Bdimen=\dimen135
\calc@Askip=\skip51
\calc@Bskip=\skip52
LaTeX Info: Redefining \setlength on input line 80.
LaTeX Info: Redefining \addtolength on input line 81.
\calc@Ccount=\count158
\calc@Cskip=\skip53
)
(F:\PortableApps\miktex\tex\latex\amsmath\amsmath.sty
Package: amsmath 2013/01/14 v2.14 AMS math features
\@mathmargin=\skip54

For additional information on amsmath, use the `?' option.
(F:\PortableApps\miktex\tex\latex\amsmath\amstext.sty
Package: amstext 2000/06/29 v2.01

(F:\PortableApps\miktex\tex\latex\amsmath\amsgen.sty
File: amsgen.sty 1999/11/30 v2.0
\@emptytoks=\toks14
\ex@=\dimen136
))
(F:\PortableApps\miktex\tex\latex\amsmath\amsbsy.sty
Package: amsbsy 1999/11/29 v1.2d
\pmbraise@=\dimen137
)
(F:\PortableApps\miktex\tex\latex\amsmath\amsopn.sty
Package: amsopn 1999/12/14 v2.01 operator names
)
\inf@bad=\count159
LaTeX Info: Redefining \frac on input line 210.
\uproot@=\count160
\leftroot@=\count161
LaTeX Info: Redefining \overline on input line 306.
\classnum@=\count162
\DOTSCASE@=\count163
LaTeX Info: Redefining \ldots on input line 378.
LaTeX Info: Redefining \dots on input line 381.
LaTeX Info: Redefining \cdots on input line 466.
\Mathstrutbox@=\box42
\strutbox@=\box43
\big@size=\dimen138
LaTeX Font Info:    Redeclaring font encoding OML on input line 566.
LaTeX Font Info:    Redeclaring font encoding OMS on input line 567.
\macc@depth=\count164
\c@MaxMatrixCols=\count165
\dotsspace@=\muskip16
\c@parentequation=\count166
\dspbrk@lvl=\count167
\tag@help=\toks15
\row@=\count168
\column@=\count169
\maxfields@=\count170
\andhelp@=\toks16
\eqnshift@=\dimen139
\alignsep@=\dimen140
\tagshift@=\dimen141
\tagwidth@=\dimen142
\totwidth@=\dimen143
\lineht@=\dimen144
\@envbody=\toks17
\multlinegap=\skip55
\multlinetaggap=\skip56
\mathdisplay@stack=\toks18
LaTeX Info: Redefining \[ on input line 2665.
LaTeX Info: Redefining \] on input line 2666.
)
(F:\PortableApps\miktex\tex\latex\chemgreek\chemgreek.sty
(F:\PortableApps\miktex\tex\latex\l3packages\xparse\xparse.sty
Package: xparse 2016/05/18 v6512 L3 Experimental document command parser
\l__xparse_current_arg_int=\count171
\l__xparse_m_args_int=\count172
\l__xparse_mandatory_args_int=\count173
\l__xparse_processor_int=\count174
\l__xparse_v_nesting_int=\count175
)
Package: chemgreek 2016/01/07 v1.0d interfaceforuprightgreeklettersforuseinchem
istry (CN)
\l__chemgreek_tmpa_int=\count176
\g__chemgreek_tmpa_int=\count177
.................................................
. LaTeX info: "xparse/define-command"
. 
. Defining command \newchemgreekmapping with sig. 'O{}mm' on line 336.
.................................................
.................................................
. LaTeX info: "xparse/define-command"
. 
. Defining command \renewchemgreekmapping with sig. 'O{}mm' on line 339.
.................................................
.................................................
. LaTeX info: "xparse/define-command"
. 
. Defining command \declarechemgreekmapping with sig. 'O{}mm' on line 342.
.................................................
.................................................
. LaTeX info: "xparse/define-command"
. 
. Defining command \newchemgreekmappingalias with sig. 'mm' on line 347.
.................................................
.................................................
. LaTeX info: "xparse/define-command"
. 
. Defining command \renewchemgreekmappingalias with sig. 'mm' on line 350.
.................................................
.................................................
. LaTeX info: "xparse/define-command"
. 
. Defining command \declarechemgreekmappingalias with sig. 'mm' on line 353.
.................................................
.................................................
. LaTeX info: "xparse/define-command"
. 
. Defining command \changechemgreeksymbol with sig. 'mmmm' on line 383.
.................................................
.................................................
. LaTeX info: "xparse/define-command"
. 
. Defining command \chemgreekmappingsymbol with sig. 'mm' on line 477.
.................................................
.................................................
. LaTeX info: "xparse/define-command"
. 
. Defining command \activatechemgreekmapping with sig. 'sm' on line 486.
.................................................
.................................................
. LaTeX info: "xparse/define-command"
. 
. Defining command \selectchemgreekmapping with sig. 'm' on line 491.
.................................................
)
(F:\PortableApps\miktex\tex\latex\graphics\graphics.sty
Package: graphics 2014/10/28 v1.0p Standard LaTeX Graphics (DPC,SPQR)

(F:\PortableApps\miktex\tex\latex\graphics\trig.sty
Package: trig 1999/03/16 v1.09 sin cos tan (DPC)
)
(F:\PortableApps\miktex\tex\latex\00miktex\graphics.cfg
File: graphics.cfg 2007/01/18 v1.5 graphics configuration of teTeX/TeXLive
)
Package graphics Info: Driver file: pdftex.def on input line 94.

(F:\PortableApps\miktex\tex\latex\pdftex-def\pdftex.def
File: pdftex.def 2011/05/27 v0.06d Graphics/color for pdfTeX

(F:\PortableApps\miktex\tex\generic\oberdiek\infwarerr.sty
Package: infwarerr 2010/04/08 v1.3 Providing info/warning/error messages (HO)
)
(F:\PortableApps\miktex\tex\generic\oberdiek\ltxcmds.sty
Package: ltxcmds 2011/11/09 v1.22 LaTeX kernel commands for general use (HO)
)
\Gread@gobject=\count178
))
\l__mhchem_ce_distanceFromLastComma_int=\count179
\__mhchem_arrow_extPgfLength_skip=\skip57
\mhchem@minispace@tmp=\skip58
\mhchem@minibackspace@tmp=\skip59
\mhchem@bondwidth=\skip60
\mhchem@bondheight=\skip61
\mhchem@smallbondwidth@tmpA=\skip62
\mhchem@smallbondwidth@tmpB=\skip63
\mhchem@smallbondwidth=\skip64
\mhchem@bondtmp@minussidebearingleft=\skip65
\mhchem@bondtmp@minussidebearingright=\skip66
\l__mhchem_option_version_int=\count180
\mhchem@option@minusmathsidebearingleft=\dimen145
\mhchem@option@minusmathsidebearingright=\dimen146
\mhchem@option@minustextsidebearingleft=\dimen147
\mhchem@option@minustextsidebearingright=\dimen148
)
(F:\PortableApps\miktex\tex\latex\geometry\geometry.sty
Package: geometry 2010/09/12 v5.6 Page Geometry

(F:\PortableApps\miktex\tex\latex\graphics\keyval.sty
Package: keyval 2014/10/28 v1.15 key=value parser (DPC)
\KV@toks@=\toks19
)
(F:\PortableApps\miktex\tex\generic\oberdiek\ifpdf.sty
Package: ifpdf 2011/01/30 v2.3 Provides the ifpdf switch (HO)
Package ifpdf Info: pdfTeX in PDF mode is detected.
)
(F:\PortableApps\miktex\tex\generic\oberdiek\ifvtex.sty
Package: ifvtex 2010/03/01 v1.5 Detect VTeX and its facilities (HO)
Package ifvtex Info: VTeX not detected.
)
(F:\PortableApps\miktex\tex\generic\ifxetex\ifxetex.sty
Package: ifxetex 2010/09/12 v0.6 Provides ifxetex conditional
)
\Gm@cnth=\count181
\Gm@cntv=\count182
\c@Gm@tempcnt=\count183
\Gm@bindingoffset=\dimen149
\Gm@wd@mp=\dimen150
\Gm@odd@mp=\dimen151
\Gm@even@mp=\dimen152
\Gm@layoutwidth=\dimen153
\Gm@layoutheight=\dimen154
\Gm@layouthoffset=\dimen155
\Gm@layoutvoffset=\dimen156
\Gm@dimlist=\toks20

(F:\PortableApps\miktex\tex\latex\geometry\geometry.cfg))
(F:\PortableApps\miktex\tex\latex\preprint\balance.sty
Package: balance 1999/02/23 4.3 (PWD)
\oldvsize=\dimen157
)
(F:\PortableApps\miktex\tex\latex\psnfss\times.sty
Package: times 2005/04/12 PSNFSS-v9.2a (SPQR) 
)
(F:\PortableApps\miktex\tex\latex\psnfss\mathptmx.sty
Package: mathptmx 2005/04/12 PSNFSS-v9.2a Times w/ Math, improved (SPQR, WaS) 
LaTeX Font Info:    Redeclaring symbol font `operators' on input line 28.
LaTeX Font Info:    Overwriting symbol font `operators' in version `normal'
(Font)                  OT1/cmr/m/n --> OT1/ztmcm/m/n on input line 28.
LaTeX Font Info:    Overwriting symbol font `operators' in version `bold'
(Font)                  OT1/cmr/bx/n --> OT1/ztmcm/m/n on input line 28.
LaTeX Font Info:    Redeclaring symbol font `letters' on input line 29.
LaTeX Font Info:    Overwriting symbol font `letters' in version `normal'
(Font)                  OML/cmm/m/it --> OML/ztmcm/m/it on input line 29.
LaTeX Font Info:    Overwriting symbol font `letters' in version `bold'
(Font)                  OML/cmm/b/it --> OML/ztmcm/m/it on input line 29.
LaTeX Font Info:    Redeclaring symbol font `symbols' on input line 30.
LaTeX Font Info:    Overwriting symbol font `symbols' in version `normal'
(Font)                  OMS/cmsy/m/n --> OMS/ztmcm/m/n on input line 30.
LaTeX Font Info:    Overwriting symbol font `symbols' in version `bold'
(Font)                  OMS/cmsy/b/n --> OMS/ztmcm/m/n on input line 30.
LaTeX Font Info:    Redeclaring symbol font `largesymbols' on input line 31.
LaTeX Font Info:    Overwriting symbol font `largesymbols' in version `normal'
(Font)                  OMX/cmex/m/n --> OMX/ztmcm/m/n on input line 31.
LaTeX Font Info:    Overwriting symbol font `largesymbols' in version `bold'
(Font)                  OMX/cmex/m/n --> OMX/ztmcm/m/n on input line 31.
\symbold=\mathgroup4
\symitalic=\mathgroup5
LaTeX Font Info:    Redeclaring math alphabet \mathbf on input line 34.
LaTeX Font Info:    Overwriting math alphabet `\mathbf' in version `normal'
(Font)                  OT1/cmr/bx/n --> OT1/ptm/bx/n on input line 34.
LaTeX Font Info:    Overwriting math alphabet `\mathbf' in version `bold'
(Font)                  OT1/cmr/bx/n --> OT1/ptm/bx/n on input line 34.
LaTeX Font Info:    Redeclaring math alphabet \mathit on input line 35.
LaTeX Font Info:    Overwriting math alphabet `\mathit' in version `normal'
(Font)                  OT1/cmr/m/it --> OT1/ptm/m/it on input line 35.
LaTeX Font Info:    Overwriting math alphabet `\mathit' in version `bold'
(Font)                  OT1/cmr/bx/it --> OT1/ptm/m/it on input line 35.
LaTeX Info: Redefining \hbar on input line 50.
)
(F:\PortableApps\miktex\tex\latex\sectsty\sectsty.sty
Package: sectsty 2002/02/25 v2.0.2 Commands to change all sectional heading sty
les
)
(F:\PortableApps\miktex\tex\latex\graphics\graphicx.sty
Package: graphicx 2014/10/28 v1.0g Enhanced LaTeX Graphics (DPC,SPQR)
\Gin@req@height=\dimen158
\Gin@req@width=\dimen159
)
(F:\PortableApps\miktex\tex\latex\lastpage\lastpage.sty
Package: lastpage 2015/03/29 v1.2m Refers to last page's name (HMM; JPG)
)
(F:\PortableApps\miktex\tex\latex\caption\caption.sty
Package: caption 2016/02/21 v3.3-144 Customizing captions (AR)

(F:\PortableApps\miktex\tex\latex\caption\caption3.sty
Package: caption3 2016/05/22 v1.7-166 caption3 kernel (AR)
Package caption3 Info: TeX engine: e-TeX on input line 67.
\captionmargin=\dimen160
\captionmargin@=\dimen161
\captionwidth=\dimen162
\caption@tempdima=\dimen163
\caption@indent=\dimen164
\caption@parindent=\dimen165
\caption@hangindent=\dimen166
)
\c@ContinuedFloat=\count184
)
(F:\PortableApps\miktex\tex\latex\float\float.sty
Package: float 2001/11/08 v1.3d Float enhancements (AL)
\c@float@type=\count185
\float@exts=\toks21
\float@box=\box44
\@float@everytoks=\toks22
\@floatcapt=\box45
)
(F:\PortableApps\miktex\tex\latex\fancyhdr\fancyhdr.sty
\fancy@headwidth=\skip67
\f@ncyO@elh=\skip68
\f@ncyO@erh=\skip69
\f@ncyO@olh=\skip70
\f@ncyO@orh=\skip71
\f@ncyO@elf=\skip72
\f@ncyO@erf=\skip73
\f@ncyO@olf=\skip74
\f@ncyO@orf=\skip75
)
(F:\PortableApps\miktex\tex\latex\yafoot\fnpos.sty
Package: fnpos 1999/07/14 v1.0 
)
(F:\PortableApps\miktex\tex\generic\babel\babel.sty
Package: babel 2016/01/08 3.9n The Babel package

*************************************
* Local config file bblopts.cfg used
*
(F:\PortableApps\miktex\tex\latex\00miktex\bblopts.cfg
File: bblopts.cfg 2006/07/31 v1.0 MiKTeX 'babel' configuration
)
(F:\PortableApps\miktex\tex\latex\babel-english\english.ldf
Language: english 2012/08/20 v3.3p English support from the babel system

(F:\PortableApps\miktex\tex\generic\babel\babel.def
File: babel.def 2016/01/08 3.9n Babel common definitions
\babel@savecnt=\count186
\U@D=\dimen167
)
\l@canadian = a dialect from \language\l@american 
\l@australian = a dialect from \language\l@british 
\l@newzealand = a dialect from \language\l@british 
))
(F:\PortableApps\miktex\tex\latex\tools\array.sty
Package: array 2014/10/28 v2.4c Tabular extension package (FMi)
\col@sep=\dimen168
\extrarowheight=\dimen169
\NC@list=\toks23
\extratabsurround=\skip76
\backup@length=\skip77
)
(F:\PortableApps\miktex\tex\latex\droid\droidsans.sty
Package: droidsans 2011/09/11 Droid Sans

(F:\PortableApps\miktex\tex\latex\slantsc\slantsc.sty
Package: slantsc 2012/01/01 v2.11 Provide Slanted an Italic Small Caps

(F:\PortableApps\miktex\tex\latex\base\ifthen.sty
Package: ifthen 2014/09/29 v1.1c Standard LaTeX ifthen package (DPC)
)
LaTeX Info: Redefining \upshape on input line 35.
LaTeX Info: Redefining \slshape on input line 45.
LaTeX Info: Redefining \itshape on input line 55.
LaTeX Info: Redefining \scshape on input line 65.
))
(F:\PortableApps\miktex\tex\latex\psnfss\charter.sty
Package: charter 2005/04/12 PSNFSS-v9.2a (P.Dyballa) 
)
(F:\PortableApps\miktex\tex\latex\base\fontenc.sty
Package: fontenc 2005/09/27 v1.99g Standard LaTeX package

(F:\PortableApps\miktex\tex\latex\base\t1enc.def
File: t1enc.def 2005/09/27 v1.99g Standard LaTeX file
LaTeX Font Info:    Redeclaring font encoding T1 on input line 48.
))
(F:\PortableApps\miktex\tex\latex\xcolor\xcolor.sty
Package: xcolor 2007/01/21 v2.11 LaTeX color extensions (UK)

(F:\PortableApps\miktex\tex\latex\00miktex\color.cfg
File: color.cfg 2007/01/18 v1.5 color configuration of teTeX/TeXLive
)
Package xcolor Info: Package option `usenames' ignored on input line 216.
Package xcolor Info: Driver file: pdftex.def on input line 225.
Package xcolor Info: Model `cmy' substituted by `cmy0' on input line 1337.
Package xcolor Info: Model `hsb' substituted by `rgb' on input line 1341.
Package xcolor Info: Model `RGB' extended on input line 1353.
Package xcolor Info: Model `HTML' substituted by `rgb' on input line 1355.
Package xcolor Info: Model `Hsb' substituted by `hsb' on input line 1356.
Package xcolor Info: Model `tHsb' substituted by `hsb' on input line 1357.
Package xcolor Info: Model `HSB' substituted by `hsb' on input line 1358.
Package xcolor Info: Model `Gray' substituted by `gray' on input line 1359.
Package xcolor Info: Model `wave' substituted by `hsb' on input line 1360.

(F:\PortableApps\miktex\tex\latex\graphics\dvipsnam.def
File: dvipsnam.def 2014/10/14 v3.0j Driver-dependent file (DPC,SPQR)
))
(F:\PortableApps\miktex\tex\latex\setspace\setspace.sty
Package: setspace 2011/12/19 v6.7a set line spacing
)
(F:\PortableApps\miktex\tex\latex\titlesec\titlesec.sty
Package: titlesec 2016/03/21 v2.10.2 Sectioning titles
\ttl@box=\box46
\beforetitleunit=\skip78
\aftertitleunit=\skip79
\ttl@plus=\dimen170
\ttl@minus=\dimen171
\ttl@toksa=\toks24
\titlewidth=\dimen172
\titlewidthlast=\dimen173
\titlewidthfirst=\dimen174
)
(F:\PortableApps\miktex\tex\latex\oberdiek\epstopdf.sty
Package: epstopdf 2010/02/09 v2.5 Conversion with epstopdf on the fly (HO)

(F:\PortableApps\miktex\tex\latex\oberdiek\epstopdf-base.sty
Package: epstopdf-base 2010/02/09 v2.5 Base part for package epstopdf

(F:\PortableApps\miktex\tex\latex\oberdiek\grfext.sty
Package: grfext 2010/08/19 v1.1 Manage graphics extensions (HO)

(F:\PortableApps\miktex\tex\generic\oberdiek\kvdefinekeys.sty
Package: kvdefinekeys 2011/04/07 v1.3 Define keys (HO)
))
(F:\PortableApps\miktex\tex\latex\oberdiek\kvoptions.sty
Package: kvoptions 2011/06/30 v3.11 Key value format for package options (HO)

(F:\PortableApps\miktex\tex\generic\oberdiek\kvsetkeys.sty
Package: kvsetkeys 2012/04/25 v1.16 Key value parser (HO)

(F:\PortableApps\miktex\tex\generic\oberdiek\etexcmds.sty
Package: etexcmds 2011/02/16 v1.5 Avoid name clashes with e-TeX commands (HO)

(F:\PortableApps\miktex\tex\generic\oberdiek\ifluatex.sty
Package: ifluatex 2010/03/01 v1.3 Provides the ifluatex switch (HO)
Package ifluatex Info: LuaTeX not detected.
)
Package etexcmds Info: Could not find \expanded.
(etexcmds)             That can mean that you are not using pdfTeX 1.50 or
(etexcmds)             that some package has redefined \expanded.
(etexcmds)             In the latter case, load this package earlier.
)))
(F:\PortableApps\miktex\tex\generic\oberdiek\pdftexcmds.sty
Package: pdftexcmds 2011/11/29 v0.20 Utility functions of pdfTeX for LuaTeX (HO
)
Package pdftexcmds Info: LuaTeX not detected.
Package pdftexcmds Info: \pdf@primitive is available.
Package pdftexcmds Info: \pdf@ifprimitive is available.
Package pdftexcmds Info: \pdfdraftmode found.
)
Package grfext Info: Graphics extension search list:
(grfext)             [.png,.pdf,.jpg,.mps,.jpeg,.jbig2,.jb2,.PNG,.PDF,.JPG,.JPE
G,.JBIG2,.JB2,.eps]
(grfext)             \AppendGraphicsExtensions on input line 452.
)) (rsc_art.aux

LaTeX Warning: Label `tbl:example' multiply defined.

)
\openout1 = `rsc_art.aux'.

LaTeX Font Info:    Checking defaults for OML/cmm/m/it on input line 35.
LaTeX Font Info:    ... okay on input line 35.
LaTeX Font Info:    Checking defaults for T1/cmr/m/n on input line 35.
LaTeX Font Info:    ... okay on input line 35.
LaTeX Font Info:    Checking defaults for OT1/cmr/m/n on input line 35.
LaTeX Font Info:    ... okay on input line 35.
LaTeX Font Info:    Checking defaults for OMS/cmsy/m/n on input line 35.
LaTeX Font Info:    ... okay on input line 35.
LaTeX Font Info:    Checking defaults for OMX/cmex/m/n on input line 35.
LaTeX Font Info:    ... okay on input line 35.
LaTeX Font Info:    Checking defaults for U/cmr/m/n on input line 35.
LaTeX Font Info:    ... okay on input line 35.
LaTeX Font Info:    Try loading font information for T1+bch on input line 35.
 (F:\PortableApps\miktex\tex\latex\psnfss\t1bch.fd
File: t1bch.fd 2004/10/18 font definitions for T1/bch.
)
.................................................
. chemgreek info: "mapping-activated"
. 
. Activating mapping `default' on line 35.
.................................................

(F:\PortableApps\miktex\tex\context\base\supp-pdf.mkii
[Loading MPS to PDF converter (version 2006.09.02).]
\scratchcounter=\count187
\scratchdimen=\dimen175
\scratchbox=\box47
\nofMPsegments=\count188
\nofMParguments=\count189
\everyMPshowfont=\toks25
\MPscratchCnt=\count190
\MPscratchDim=\dimen176
\MPnumerator=\count191
\makeMPintoPDFobject=\count192
\everyMPtoPDFconversion=\toks26
)
*geometry* driver: auto-detecting
*geometry* detected driver: pdftex
*geometry* verbose mode - [ preamble ] result:
* driver: pdftex
* paper: <default>
* layout: <same size as paper>
* layoutoffset:(h,v)=(0.0pt,0.0pt)
* modes: twoside 
* h-part:(L,W,R)=(42.67912pt, 528.93675pt, 42.67912pt)
* v-part:(T,H,B)=(50.78827pt, 687.27621pt, 56.9055pt)
* \paperwidth=614.295pt
* \paperheight=794.96999pt
* \textwidth=528.93675pt
* \textheight=687.27621pt
* \oddsidemargin=-29.59087pt
* \evensidemargin=-29.59087pt
* \topmargin=-58.48172pt
* \headheight=12.0pt
* \headsep=25.0pt
* \topskip=9.0pt
* \footskip=30.0pt
* \marginparwidth=48.0pt
* \marginparsep=10.0pt
* \columnsep=10.0pt
* \skip\footins=8.0pt plus 4.0pt minus 2.0pt
* \hoffset=0.0pt
* \voffset=0.0pt
* \mag=1000
* \@twocolumntrue
* \@twosidetrue
* \@mparswitchtrue
* \@reversemarginfalse
* (1in=72.27pt=25.4mm, 1cm=28.453pt)

Package lastpage Info: Please have a look at the pageslts package at
(lastpage)             https://www.ctan.org/pkg/pageslts
(lastpage)             ! on input line 35.
Package caption Info: Begin \AtBeginDocument code.
Package caption Info: float package is loaded.
Package caption Info: End \AtBeginDocument code.
\figrulesep=\skip80
LaTeX Font Info:    Try loading font information for T1+phv on input line 130.
(F:\PortableApps\miktex\tex\latex\psnfss\t1phv.fd
File: t1phv.fd 2001/06/04 scalable font definitions for T1/phv.
)
LaTeX Font Info:    Try loading font information for OT1+ztmcm on input line 13
0.

(F:\PortableApps\miktex\tex\latex\psnfss\ot1ztmcm.fd
File: ot1ztmcm.fd 2000/01/03 Fontinst v1.801 font definitions for OT1/ztmcm.
)
LaTeX Font Info:    Try loading font information for OML+ztmcm on input line 13
0.

(F:\PortableApps\miktex\tex\latex\psnfss\omlztmcm.fd
File: omlztmcm.fd 2000/01/03 Fontinst v1.801 font definitions for OML/ztmcm.
)
LaTeX Font Info:    Try loading font information for OMS+ztmcm on input line 13
0.

(F:\PortableApps\miktex\tex\latex\psnfss\omsztmcm.fd
File: omsztmcm.fd 2000/01/03 Fontinst v1.801 font definitions for OMS/ztmcm.
)
LaTeX Font Info:    Try loading font information for OMX+ztmcm on input line 13
0.

(F:\PortableApps\miktex\tex\latex\psnfss\omxztmcm.fd
File: omxztmcm.fd 2000/01/03 Fontinst v1.801 font definitions for OMX/ztmcm.
)
LaTeX Font Info:    Try loading font information for OT1+ptm on input line 130.


(F:\PortableApps\miktex\tex\latex\psnfss\ot1ptm.fd
File: ot1ptm.fd 2001/06/04 font definitions for OT1/ptm.
)
LaTeX Font Info:    Font shape `OT1/ptm/bx/n' in size <9> not available
(Font)              Font shape `OT1/ptm/b/n' tried instead on input line 130.
LaTeX Font Info:    Font shape `OT1/ptm/bx/n' in size <7> not available
(Font)              Font shape `OT1/ptm/b/n' tried instead on input line 130.
LaTeX Font Info:    Font shape `OT1/ptm/bx/n' in size <5> not available
(Font)              Font shape `OT1/ptm/b/n' tried instead on input line 130.

<head_foot/DOI.pdf, id=1, 118.041pt x 9.8769pt>
File: head_foot/DOI.pdf Graphic file (type pdf)
 <use head_foot/DOI.pdf>
Package pdftex.def Info: head_foot/DOI.pdf used on input line 130.
(pdftex.def)             Requested size: 118.0407pt x 9.87688pt.
LaTeX Font Info:    Calculating math sizes for size <15> on input line 130.
LaTeX Font Info:    Font shape `OT1/ptm/bx/n' in size <15> not available
(Font)              Font shape `OT1/ptm/b/n' tried instead on input line 130.
LaTeX Font Info:    Font shape `OT1/ptm/bx/n' in size <11.10008> not available
(Font)              Font shape `OT1/ptm/b/n' tried instead on input line 130.
LaTeX Font Info:    Font shape `OT1/ptm/bx/n' in size <9.00009> not available
(Font)              Font shape `OT1/ptm/b/n' tried instead on input line 130.
LaTeX Font Info:    Font shape `OT1/ptm/bx/n' in size <10> not available
(Font)              Font shape `OT1/ptm/b/n' tried instead on input line 130.
LaTeX Font Info:    Font shape `OT1/ptm/bx/n' in size <7.4> not available
(Font)              Font shape `OT1/ptm/b/n' tried instead on input line 130.
LaTeX Font Info:    Font shape `OT1/ptm/bx/n' in size <6> not available
(Font)              Font shape `OT1/ptm/b/n' tried instead on input line 130.
LaTeX Font Info:    Font shape `T1/phv/m/it' in size <10> not available
(Font)              Font shape `T1/phv/m/sl' tried instead on input line 130.

<head_foot/dates.pdf, id=2, 79.13565pt x 64.19984pt>
File: head_foot/dates.pdf Graphic file (type pdf)
 <use head_foot/dates.pdf>
Package pdftex.def Info: head_foot/dates.pdf used on input line 130.
(pdftex.def)             Requested size: 79.13544pt x 64.19968pt.

Overfull \hbox (7.21284pt too wide) in paragraph at lines 130--130
[][] 
 []

LaTeX Font Info:    Try loading font information for OMS+bch on input line 147.

(F:\PortableApps\miktex\tex\latex\psnfss\omsbch.fd
File: omsbch.fd 
)
LaTeX Font Info:    Font shape `OMS/bch/m/n' in size <7> not available
(Font)              Font shape `OMS/cmsy/m/n' tried instead on input line 147.
LaTeX Font Info:    Try loading font information for T1+pcr on input line 150.

(F:\PortableApps\miktex\tex\latex\psnfss\t1pcr.fd
File: t1pcr.fd 2001/06/04 font definitions for T1/pcr.
)
LaTeX Font Info:    Font shape `OT1/ptm/bx/n' in size <8> not available
(Font)              Font shape `OT1/ptm/b/n' tried instead on input line 172.

Overfull \vbox (0.9981pt too high) has occurred while \output is active []

LaTeX Font Info:    Font shape `OMS/bch/m/n' in size <9> not available
(Font)              Font shape `OMS/cmsy/m/n' tried instead on input line 217.

Underfull \hbox (badness 5105) in paragraph at lines 217--218
[]\T1/bch/m/n/9 For foot-notes in the main text of the ar-ti-cle please
 []


Underfull \hbox (badness 3623) in paragraph at lines 217--218
\T1/bch/m/n/9 num-ber the foot-notes to avoid du-pli-cate sym-bols. \T1/bch/m/i
t/9 e.g.
 []

(rsc_art.bbl) 
AED: lastpage setting LastPage

Package balance Warning: You have called \balance in second column
(balance)                Columns might not be balanced.

<head_foot/journal_name.pdf, id=3, 227.6505pt x 45.2892pt>
File: head_foot/journal_name.pdf Graphic file (type pdf)

<use head_foot/journal_name.pdf>
Package pdftex.def Info: head_foot/journal_name.pdf used on input line 234.
(pdftex.def)             Requested size: 150.79515pt x 30.0pt.

<head_foot/header_bar.pdf, id=4, 512.1534pt x 36.135pt>
File: head_foot/header_bar.pdf Graphic file (type pdf)

<use head_foot/header_bar.pdf>
Package pdftex.def Info: head_foot/header_bar.pdf used on input line 234.
(pdftex.def)             Requested size: 526.37598pt x 37.14003pt.

<head_foot/RSC_LOGO_CMYK.pdf, id=5, 274.8669pt x 183.3249pt>
File: head_foot/RSC_LOGO_CMYK.pdf Graphic file (type pdf)

<use head_foot/RSC_LOGO_CMYK.pdf>
Package pdftex.def Info: head_foot/RSC_LOGO_CMYK.pdf used on input line 234.
(pdftex.def)             Requested size: 82.4607pt x 55.0pt.


Package Fancyhdr Warning: \headheight is too small (12.0pt): 
 Make it at least 110.56966pt.
 We now make it that large for the rest of the document.
 This may cause the page layout to be inconsistent, however.

<head_foot/LF.pdf, id=6, 154.5775pt x 8.03pt>
File: head_foot/LF.pdf Graphic file (type pdf)
 <use head_foot/LF.pdf>
Package pdftex.def Info: head_foot/LF.pdf used on input line 234.
(pdftex.def)             Requested size: 173.26239pt x 9.0pt.

<head_foot/RF.pdf, id=7, 90.45795pt x 7.4679pt>
File: head_foot/RF.pdf Graphic file (type pdf)
 <use head_foot/RF.pdf>
Package pdftex.def Info: head_foot/RF.pdf used on input line 234.
(pdftex.def)             Requested size: 90.4577pt x 7.46786pt.
 [1{F:/PortableApps/miktex/pdftex/config/pdftex.map}


 <./head_foot/journal_name.pdf> <./head_foot/header_bar.pdf> <./head_foot/RSC_L
OGO_CMYK.pdf> <./head_foot/DOI.pdf> <./head_foot/dates.pdf> <./head_foot/LF.pdf
> <./head_foot/RF.pdf>]
File: head_foot/RF.pdf Graphic file (type pdf)

<use head_foot/RF.pdf>
Package pdftex.def Info: head_foot/RF.pdf used on input line 234.
(pdftex.def)             Requested size: 90.4577pt x 7.46786pt.
File: head_foot/LF.pdf Graphic file (type pdf)
 <use head_foot/LF.pdf>
Package pdftex.def Info: head_foot/LF.pdf used on input line 234.
(pdftex.def)             Requested size: 173.26239pt x 9.0pt.
 [2] (rsc_art.aux)

LaTeX Warning: There were multiply-defined labels.

 ) 
Here is how much of TeX's memory you used:
 15131 strings out of 493634
 274043 string characters out of 3145853
 355366 words of memory out of 3000000
 18265 multiletter control sequences out of 15000+200000
 94233 words of font info for 138 fonts, out of 3000000 for 9000
 1025 hyphenation exceptions out of 8191
 42i,15n,44p,10424b,441s stack positions out of 5000i,500n,10000p,200000b,50000s
{F:/PortableApps/miktex/fonts/enc/dvips/fontname/8r.enc}<F:/PortableApps/mikt
ex/fonts/type1/bitstrea/charter/bchb8a.pfb><F:/PortableApps/miktex/fonts/type1/
bitstrea/charter/bchr8a.pfb><F:/PortableApps/miktex/fonts/type1/bitstrea/charte
r/bchri8a.pfb><F:/PortableApps/miktex/fonts/type1/public/amsfonts/cm/cmr10.pfb>
<F:/PortableApps/miktex/fonts/type1/public/amsfonts/cm/cmsy10.pfb><F:/PortableA
pps/miktex/fonts/type1/public/amsfonts/cm/cmsy7.pfb><F:/PortableApps/miktex/fon
ts/type1/public/amsfonts/cm/cmsy9.pfb><F:/PortableApps/miktex/fonts/type1/urw/c
ourier/ucrr8a.pfb><F:/PortableApps/miktex/fonts/type1/urw/helvetic/uhvb8a.pfb><
F:/PortableApps/miktex/fonts/type1/urw/helvetic/uhvr8a.pfb><F:/PortableApps/mik
tex/fonts/type1/urw/symbol/usyr.pfb><F:/PortableApps/miktex/fonts/type1/urw/tim
es/utmr8a.pfb><F:/PortableApps/miktex/fonts/type1/urw/times/utmri8a.pfb>
Output written on rsc_art.pdf (2 pages, 1208550 bytes).
PDF statistics:
 158 PDF objects out of 1000 (max. 8388607)
 0 named destinations out of 1000 (max. 500000)
 36 words of extra memory for PDF output out of 10000 (max. 10000000)

